# JRE version: OpenJDK Runtime Environment Temurin-17.0.8.1+1 (17.0.8.1+1) (build 17.0.8.1+1)
# Java VM: OpenJDK 64-Bit Server VM Temurin-17.0.8.1+1 (17.0.8.1+1, mixed mode, tiered, compressed oops, compressed class ptrs, g1 gc, windows-amd64)
GC Precious Log:
 CPUs: 8 total, 8 available
 Memory: 8078M
 Large Page Support: Disabled
 NUMA Support: Disabled
 Compressed Oops: Enabled (32-bit)
 Heap Region Size: 1M
 Heap Min Capacity: 8M
 Heap Initial Capacity: 128M
 Heap Max Capacity: 2020M
 Pre-touch: Disabled
 Parallel Workers: 8
 Concurrent Workers: 2
 Concurrent Refinement Workers: 8
 Periodic GC: Disabled
Heap:
 garbage-first heap   total 132096K, used 54272K [0x0000000081c00000, 0x0000000100000000)
  region size 1024K, 4 young (4096K), 4 survivors (4096K)
 Metaspace       used 36827K, committed 37120K, reserved 1114112K
  class space    used 3962K, committed 4096K, reserved 1048576K
GC Heap History (20 events):
Event: 1.791 GC heap after
{Heap after GC invocations=5 (full 0):
 garbage-first heap   total 30720K, used 7803K [0x0000000081c00000, 0x0000000100000000)
  region size 1024K, 2 young (2048K), 2 survivors (2048K)
 Metaspace       used 24539K, committed 24704K, reserved 1114112K
  class space    used 2668K, committed 2752K, reserved 1048576K
}
Event: 1.804 GC heap before
{Heap before GC invocations=5 (full 0):
 garbage-first heap   total 30720K, used 8827K [0x0000000081c00000, 0x0000000100000000)
  region size 1024K, 3 young (3072K), 2 survivors (2048K)
 Metaspace       used 24591K, committed 24768K, reserved 1114112K
  class space    used 2670K, committed 2752K, reserved 1048576K
}
Event: 1.808 GC heap after
{Heap after GC invocations=6 (full 0):
 garbage-first heap   total 30720K, used 8079K [0x0000000081c00000, 0x0000000100000000)
  region size 1024K, 1 young (1024K), 1 survivors (1024K)
 Metaspace       used 24591K, committed 24768K, reserved 1114112K
  class space    used 2670K, committed 2752K, reserved 1048576K
}
Event: 2.023 GC heap before
{Heap before GC invocations=6 (full 0):
 garbage-first heap   total 30720K, used 21391K [0x0000000081c00000, 0x0000000100000000)
  region size 1024K, 14 young (14336K), 1 survivors (1024K)
 Metaspace       used 25307K, committed 25536K, reserved 1114112K
  class space    used 2718K, committed 2816K, reserved 1048576K
}
Event: 2.027 GC heap after
{Heap after GC invocations=7 (full 0):
 garbage-first heap   total 80896K, used 9537K [0x0000000081c00000, 0x0000000100000000)
  region size 1024K, 2 young (2048K), 2 survivors (2048K)
 Metaspace       used 25307K, committed 25536K, reserved 1114112K
  class space    used 2718K, committed 2816K, reserved 1048576K
}
Event: 2.563 GC heap before
{Heap before GC invocations=7 (full 0):
 garbage-first heap   total 80896K, used 54593K [0x0000000081c00000, 0x0000000100000000)
  region size 1024K, 46 young (47104K), 2 survivors (2048K)
 Metaspace       used 26180K, committed 26368K, reserved 1114112K
  class space    used 2789K, committed 2880K, reserved 1048576K
}
Event: 2.572 GC heap after
{Heap after GC invocations=8 (full 0):
 garbage-first heap   total 80896K, used 14005K [0x0000000081c00000, 0x0000000100000000)
  region size 1024K, 6 young (6144K), 6 survivors (6144K)
 Metaspace       used 26180K, committed 26368K, reserved 1114112K
  class space    used 2789K, committed 2880K, reserved 1048576K
}
Event: 2.969 GC heap before
{Heap before GC invocations=8 (full 0):
 garbage-first heap   total 80896K, used 53941K [0x0000000081c00000, 0x0000000100000000)
  region size 1024K, 45 young (46080K), 6 survivors (6144K)
 Metaspace       used 26624K, committed 26816K, reserved 1114112K
  class space    used 2792K, committed 2880K, reserved 1048576K
}
Event: 2.983 GC heap after
{Heap after GC invocations=9 (full 0):
 garbage-first heap   total 80896K, used 19646K [0x0000000081c00000, 0x0000000100000000)
  region size 1024K, 6 young (6144K), 6 survivors (6144K)
 Metaspace       used 26624K, committed 26816K, reserved 1114112K
  class space    used 2792K, committed 2880K, reserved 1048576K
}
Event: 3.487 GC heap before
{Heap before GC invocations=9 (full 0):
 garbage-first heap   total 80896K, used 56510K [0x0000000081c00000, 0x0000000100000000)
  region size 1024K, 35 young (35840K), 6 survivors (6144K)
 Metaspace       used 27638K, committed 27776K, reserved 1114112K
  class space    used 2904K, committed 2944K, reserved 1048576K
}
Event: 3.494 GC heap after
{Heap after GC invocations=10 (full 0):
 garbage-first heap   total 80896K, used 30086K [0x0000000081c00000, 0x0000000100000000)
  region size 1024K, 3 young (3072K), 3 survivors (3072K)
 Metaspace       used 27638K, committed 27776K, reserved 1114112K
  class space    used 2904K, committed 2944K, reserved 1048576K
}
Event: 3.496 GC heap before
{Heap before GC invocations=10 (full 0):
 garbage-first heap   total 80896K, used 42374K [0x0000000081c00000, 0x0000000100000000)
  region size 1024K, 4 young (4096K), 3 survivors (3072K)
 Metaspace       used 27638K, committed 27776K, reserved 1114112K
  class space    used 2904K, committed 2944K, reserved 1048576K
}
Event: 3.499 GC heap after
{Heap after GC invocations=11 (full 0):
 garbage-first heap   total 97280K, used 42461K [0x0000000081c00000, 0x0000000100000000)
  region size 1024K, 3 young (3072K), 3 survivors (3072K)
 Metaspace       used 27638K, committed 27776K, reserved 1114112K
  class space    used 2904K, committed 2944K, reserved 1048576K
}
Event: 3.745 GC heap before
{Heap before GC invocations=11 (full 0):
 garbage-first heap   total 97280K, used 74205K [0x0000000081c00000, 0x0000000100000000)
  region size 1024K, 23 young (23552K), 3 survivors (3072K)
 Metaspace       used 29880K, committed 30208K, reserved 1114112K
  class space    used 3149K, committed 3328K, reserved 1048576K
}
Event: 3.749 GC heap after
{Heap after GC invocations=12 (full 0):
 garbage-first heap   total 97280K, used 22904K [0x0000000081c00000, 0x0000000100000000)
  region size 1024K, 4 young (4096K), 4 survivors (4096K)
 Metaspace       used 29880K, committed 30208K, reserved 1114112K
  class space    used 3149K, committed 3328K, reserved 1048576K
}
Event: 4.298 GC heap before
{Heap before GC invocations=12 (full 0):
 garbage-first heap   total 97280K, used 82296K [0x0000000081c00000, 0x0000000100000000)
  region size 1024K, 54 young (55296K), 4 survivors (4096K)
 Metaspace       used 35730K, committed 35968K, reserved 1114112K
  class space    used 3842K, committed 3968K, reserved 1048576K
}
Event: 4.308 GC heap after
{Heap after GC invocations=13 (full 0):
 garbage-first heap   total 98304K, used 38625K [0x0000000081c00000, 0x0000000100000000)
  region size 1024K, 7 young (7168K), 7 survivors (7168K)
 Metaspace       used 35730K, committed 35968K, reserved 1114112K
  class space    used 3842K, committed 3968K, reserved 1048576K
}
Event: 4.644 GC heap before
{Heap before GC invocations=14 (full 0):
 garbage-first heap   total 98304K, used 75489K [0x0000000081c00000, 0x0000000100000000)
  region size 1024K, 41 young (41984K), 7 survivors (7168K)
 Metaspace       used 35759K, committed 36032K, reserved 1114112K
  class space    used 3842K, committed 3968K, reserved 1048576K
}
Event: 4.655 GC heap after
{Heap after GC invocations=15 (full 0):
 garbage-first heap   total 98304K, used 49945K [0x0000000081c00000, 0x0000000100000000)
  region size 1024K, 6 young (6144K), 6 survivors (6144K)
 Metaspace       used 35759K, committed 36032K, reserved 1114112K
  class space    used 3842K, committed 3968K, reserved 1048576K
}
Event: 4.910 GC heap before
{Heap before GC invocations=15 (full 0):
 garbage-first heap   total 98304K, used 72473K [0x0000000081c00000, 0x0000000100000000)
  region size 1024K, 29 young (29696K), 6 survivors (6144K)
 Metaspace       used 36827K, committed 37120K, reserved 1114112K
  class space    used 3962K, committed 4096K, reserved 1048576K
}

